6H28-A -> MF-GO: GET request failed with code 404
3OXP-A -> MF-GO: GET request failed with code 404
6SL9-AAA -> MF-GO: GET request failed with code 404
6EF6-A -> MF-GO: GET request failed with code 404
4A6V-A -> MF-GO: GET request failed with code 404
3CH0-A -> MF-GO: GET request failed with code 404
3MDQ-A -> MF-GO: GET request failed with code 404
6M74-A -> MF-GO: GET request failed with code 404
3EY7-A -> MF-GO: GET request failed with code 404
3EY8-A -> MF-GO: GET request failed with code 404
3R8E-A -> MF-GO: GET request failed with code 404
6ZFC-A -> MF-GO: GET request failed with code 404
6QUJ-A -> MF-GO: GET request failed with code 404
2P9B-A -> MF-GO: GET request failed with code 404
5C1J-A -> MF-GO: GET request failed with code 404
6M73-A -> MF-GO: GET request failed with code 404
3FFR-A -> MF-GO: GET request failed with code 404
3ILV-A -> MF-GO: GET request failed with code 404
2DXQ-A -> MF-GO: GET request failed with code 404
4YWN-A -> MF-GO: GET request failed with code 404
2VMU-A -> MF-GO: GET request timeout
4RAJ-A -> MF-GO: GET request failed with code 404
1L21-A -> MF-GO: GET request timeout
2YKD-A -> MF-GO: GET request timeout
2AIF-A -> MF-GO: GET request failed with code 404
1XHD-A -> MF-GO: GET request failed with code 404
1YT8-A -> MF-GO: GET request failed with code 404
2QCK-A -> MF-GO: GET request failed with code 404
3WBE-A -> MF-GO: GET request failed with code 404
5HXG-B -> MF-GO: GET request failed with code 404
1XIZ-A -> MF-GO: GET request failed with code 404
2KIN-A -> MF-GO: GET request failed with code 404
3LNB-A -> MF-GO: GET request failed with code 404
3FK5-A -> MF-GO: GET request failed with code 404
3CN9-A -> MF-GO: GET request failed with code 404
1EJE-A -> MF-GO: GET request failed with code 404
2X7I-A -> MF-GO: GET request failed with code 404
5U25-A -> MF-GO: GET request failed with code 404
6B18-A -> MF-GO: GET request failed with code 404
4E6Y-A -> MF-GO: GET request failed with code 404
7T7G-A -> MF-GO: GET request failed with code 404
7VBW-A -> MF-GO: GET request failed with code 404
4P52-A -> MF-GO: GET request failed with code 404
3F0C-A -> MF-GO: GET request failed with code 404
4AYS-A -> MF-GO: GET request failed with code 404
4Z2Y-A -> MF-GO: GET request failed with code 404
2N81-A -> MF-GO: GET request failed with code 404
